Using pre-set license
Built from '2020.3/staging' branch; Version is '2020.3.3f1 (76626098c1c4) revision 7758432'; Using compiler version '192528614'; Build Type 'Release'
OS: 'Windows 10 Pro; OS build 19043.1165; Version 2009; 64bit' Language: 'en' Physical Memory: 8109 MB
BatchMode: 1, IsHumanControllingUs: 0, StartBugReporterOnCrash: 0, Is64bit: 1, IsPro: 0

 COMMAND LINE ARGUMENTS:
C:\Program Files\Unity\Hub\Editor\2020.3.3f1\Editor\Unity.exe
-adb2
-batchMode
-noUpm
-name
AssetImportWorker0
-projectPath
C:/Users/Ivan/Desktop/swordstrike-game/SwordStrike
-logFile
Logs/AssetImportWorker0.log
-srvPort
56086
Successfully changed project path to: C:/Users/Ivan/Desktop/swordstrike-game/SwordStrike
C:/Users/Ivan/Desktop/swordstrike-game/SwordStrike
Using Asset Import Pipeline V2.
Refreshing native plugins compatible for Editor in 50.08 ms, found 0 plugins.
Preloading 0 native plugins for Editor in 0.00 ms.
Initialize engine version: 2020.3.3f1 (76626098c1c4)
[Subsystems] Discovering subsystems at path C:/Program Files/Unity/Hub/Editor/2020.3.3f1/Editor/Data/Resources/UnitySubsystems
[Subsystems] Discovering subsystems at path C:/Users/Ivan/Desktop/swordstrike-game/SwordStrike/Assets
GfxDevice: creating device client; threaded=0
Direct3D:
    Version:  Direct3D 11.0 [level 11.1]
    Renderer: NVIDIA GeForce GTX 1050 (ID=0x1c8d)
    Vendor:   
    VRAM:     1979 MB
    Driver:   30.0.14.7141
Initialize mono
Mono path[0] = 'C:/Program Files/Unity/Hub/Editor/2020.3.3f1/Editor/Data/Managed'
Mono path[1] = 'C:/Program Files/Unity/Hub/Editor/2020.3.3f1/Editor/Data/MonoBleedingEdge/lib/mono/unityjit'
Mono config path = 'C:/Program Files/Unity/Hub/Editor/2020.3.3f1/Editor/Data/MonoBleedingEdge/etc'
Using monoOptions --debugger-agent=transport=dt_socket,embedding=1,server=y,suspend=n,address=127.0.0.1:56620
Begin MonoManager ReloadAssembly
Registering precompiled unity dll's ...
Register platform support module: C:/Program Files/Unity/Hub/Editor/2020.3.3f1/Editor/Data/PlaybackEngines/WebGLSupport/UnityEditor.WebGL.Extensions.dll
Register platform support module: C:/Program Files/Unity/Hub/Editor/2020.3.3f1/Editor/Data/PlaybackEngines/WindowsStandaloneSupport/UnityEditor.WindowsStandalone.Extensions.dll
Registered in 0.002204 seconds.
Native extension for WindowsStandalone target not found
Native extension for WebGL target not found
Refreshing native plugins compatible for Editor in 37.93 ms, found 0 plugins.
Preloading 0 native plugins for Editor in 0.00 ms.
Invoked RoslynAnalysisRunner static constructor.
RoslynAnalysisRunner will not be running.
RoslynAnalysisRunner has terminated.
Mono: successfully reloaded assembly
- Completed reload, in  1.118 seconds
Platform modules already initialized, skipping
Registering precompiled user dll's ...
Registered in 0.002104 seconds.
Begin MonoManager ReloadAssembly
Native extension for WindowsStandalone target not found
Native extension for WebGL target not found
Refreshing native plugins compatible for Editor in 0.49 ms, found 0 plugins.
Preloading 0 native plugins for Editor in 0.00 ms.
Invoked RoslynAnalysisRunner static constructor.
RoslynAnalysisRunner will not be running.
RoslynAnalysisRunner has terminated.
Mono: successfully reloaded assembly
- Completed reload, in  0.802 seconds
Platform modules already initialized, skipping
========================================================================
Worker process is ready to serve import requests
Launched and connected shader compiler UnityShaderCompiler.exe after 0.06 seconds
Refreshing native plugins compatible for Editor in 0.55 ms, found 0 plugins.
Preloading 0 native plugins for Editor in 0.00 ms.
Unloading 1512 Unused Serialized files (Serialized files now loaded: 0)
System memory in use before: 70.6 MB.
System memory in use after: 70.7 MB.

Unloading 33 unused Assets to reduce memory usage. Loaded Objects now: 1943.
Total: 2.238700 ms (FindLiveObjects: 0.310400 ms CreateObjectMapping: 0.131000 ms MarkObjects: 1.681600 ms  DeleteObjects: 0.114500 ms)

========================================================================
Received Import Request.
  path: Assets/Art/backbutton.png
  artifactKey: Guid(f810eb3976625954aa7357f053534cf6) Importer(815301076,1909f56bfc062723c751e8b465ee728b)
Start importing Assets/Art/backbutton.png using Guid(f810eb3976625954aa7357f053534cf6) Importer(815301076,1909f56bfc062723c751e8b465ee728b)  -> (artifact id: '9293df808a6f411fc228fc8e452ee6db') in 0.192992 seconds
  Import took 0.200633 seconds .

========================================================================
Received Import Request.
  Time since last request: 0.000330 seconds.
  path: Assets/Art/CONTROLS MAIN MENU.png
  artifactKey: Guid(190cb0325be1c1645a82bbf3ec31e54a) Importer(815301076,1909f56bfc062723c751e8b465ee728b)
Start importing Assets/Art/CONTROLS MAIN MENU.png using Guid(190cb0325be1c1645a82bbf3ec31e54a) Importer(815301076,1909f56bfc062723c751e8b465ee728b)  -> (artifact id: 'fcbb4fabfac4c735fc09b035646cc58d') in 0.072222 seconds
  Import took 0.075250 seconds .

========================================================================
Received Import Request.
  Time since last request: 0.000267 seconds.
  path: Assets/Art/AirSword.png
  artifactKey: Guid(7979dd0726cc658458527f900449c141) Importer(815301076,1909f56bfc062723c751e8b465ee728b)
Start importing Assets/Art/AirSword.png using Guid(7979dd0726cc658458527f900449c141) Importer(815301076,1909f56bfc062723c751e8b465ee728b)  -> (artifact id: '142f5e9c1dac55fa4bb88d99448e6cda') in 0.050768 seconds
  Import took 0.057224 seconds .

========================================================================
Received Import Request.
  Time since last request: 0.000273 seconds.
  path: Assets/Art/arrow.png
  artifactKey: Guid(20a4436348312314a8a5f2f15d63d658) Importer(815301076,1909f56bfc062723c751e8b465ee728b)
Start importing Assets/Art/arrow.png using Guid(20a4436348312314a8a5f2f15d63d658) Importer(815301076,1909f56bfc062723c751e8b465ee728b)  -> (artifact id: '2b4bf755fd81396e4ed6f7eecb14e5bd') in 0.015947 seconds
  Import took 0.021573 seconds .

========================================================================
Received Import Request.
  Time since last request: 0.000522 seconds.
  path: Assets/Art/bow.png
  artifactKey: Guid(ec98937c7bbb0a5409084c64d009d012) Importer(815301076,1909f56bfc062723c751e8b465ee728b)
Start importing Assets/Art/bow.png using Guid(ec98937c7bbb0a5409084c64d009d012) Importer(815301076,1909f56bfc062723c751e8b465ee728b)  -> (artifact id: '69ad921fa7f2fb071a5d34f2edf0f26e') in 0.019189 seconds
  Import took 0.023542 seconds .

========================================================================
Received Import Request.
  Time since last request: 0.000446 seconds.
  path: Assets/Art/controlsbutton.png
  artifactKey: Guid(cc9ac9365aae0bd4590940aac42e5f31) Importer(815301076,1909f56bfc062723c751e8b465ee728b)
Start importing Assets/Art/controlsbutton.png using Guid(cc9ac9365aae0bd4590940aac42e5f31) Importer(815301076,1909f56bfc062723c751e8b465ee728b)  -> (artifact id: 'cb7400e07cd9b0aafb92f3c689ea1df4') in 0.019315 seconds
  Import took 0.025840 seconds .

========================================================================
Received Import Request.
  Time since last request: 0.000287 seconds.
  path: Assets/Art/butterfly.png
  artifactKey: Guid(65d9174c75da9ab40898decac88393e0) Importer(815301076,1909f56bfc062723c751e8b465ee728b)
Start importing Assets/Art/butterfly.png using Guid(65d9174c75da9ab40898decac88393e0) Importer(815301076,1909f56bfc062723c751e8b465ee728b)  -> (artifact id: '8650988e83903c4510367ba02f60e918') in 0.048669 seconds
  Import took 0.053157 seconds .

========================================================================
Received Import Request.
  Time since last request: 0.000445 seconds.
  path: Assets/Art/backGround 1.png
  artifactKey: Guid(43889cebad300b047bc7183703a6da7a) Importer(815301076,1909f56bfc062723c751e8b465ee728b)
Start importing Assets/Art/backGround 1.png using Guid(43889cebad300b047bc7183703a6da7a) Importer(815301076,1909f56bfc062723c751e8b465ee728b)  -> (artifact id: '7dabe97ece757d0d69b57ed7974a829a') in 0.070220 seconds
  Import took 0.073292 seconds .

AssetImportWorkerClient::OnTransportError - code=2 error=End of file
